[14:32:11] This is prokka 1.14.6
[14:32:11] Written by Torsten Seemann <torsten.seemann@gmail.com>
[14:32:11] Homepage is https://github.com/tseemann/prokka
[14:32:11] Local time is Tue Nov 26 14:32:11 2024
[14:32:11] You are not telling me who you are!
[14:32:11] Operating system is linux
[14:32:11] You have BioPerl 1.007002
[14:32:11] System has 8 cores.
[14:32:11] Will use maximum of 8 cores.
[14:32:11] Annotating as >>> Bacteria <<<
[14:32:11] Generating locus_tag from 'scaffolds.fasta' contents.
[14:32:11] Setting --locustag PBALMICI from MD5 9ba562c23ca9f04b99422cf966ce121b
[14:32:11] Re-using existing --outdir ./test_output/prokka/SRR31122808
[14:32:11] Using filename prefix: SRR31122808.XXX
[14:32:11] Setting HMMER_NCPU=1
[14:32:11] Writing log to: ./test_output/prokka/SRR31122808/SRR31122808.log
[14:32:11] Command: /prokka-1.14.6/bin/prokka --force -o ./test_output/prokka/SRR31122808 --prefix SRR31122808 scaffolds.fasta --genus Escherichia
[14:32:11] Appending to PATH: /prokka-1.14.6/bin/../binaries/linux
[14:32:11] Appending to PATH: /prokka-1.14.6/bin/../binaries/linux/../common
[14:32:11] Appending to PATH: /prokka-1.14.6/bin
[14:32:11] Looking for 'aragorn' - found /prokka-1.14.6/binaries/linux/aragorn
[14:32:11] Determined aragorn version is 001002 from 'ARAGORN v1.2.38 Dean Laslett'
[14:32:11] Looking for 'barrnap' - found /barrnap-0.9/bin/barrnap
[14:32:11] Determined barrnap version is 000009 from 'barrnap 0.9'
[14:32:11] Looking for 'blastp' - found /ncbi-blast-2.9.0+/bin/blastp
[14:32:11] Determined blastp version is 002009 from 'blastp: 2.9.0+'
[14:32:11] Looking for 'cmpress' - found /prokka-1.14.6/binaries/linux/cmpress
[14:32:11] Determined cmpress version is 001001 from '# INFERNAL 1.1.2 (July 2016)'
[14:32:11] Looking for 'cmscan' - found /prokka-1.14.6/binaries/linux/cmscan
[14:32:11] Determined cmscan version is 001001 from '# INFERNAL 1.1.2 (July 2016)'
[14:32:11] Looking for 'egrep' - found /bin/egrep
[14:32:11] Looking for 'find' - found /usr/bin/find
[14:32:11] Looking for 'grep' - found /bin/grep
[14:32:11] Looking for 'hmmpress' - found /usr/bin/hmmpress
[14:32:11] Determined hmmpress version is 003001 from '# HMMER 3.1b2 (February 2015); http://hmmer.org/'
[14:32:11] Looking for 'hmmscan' - found /usr/bin/hmmscan
[14:32:11] Determined hmmscan version is 003001 from '# HMMER 3.1b2 (February 2015); http://hmmer.org/'
[14:32:11] Looking for 'java' - found /usr/bin/java
[14:32:11] Looking for 'makeblastdb' - found /ncbi-blast-2.9.0+/bin/makeblastdb
[14:32:11] Determined makeblastdb version is 002009 from 'makeblastdb: 2.9.0+'
[14:32:11] Looking for 'minced' - found /prokka-1.14.6/binaries/common/minced
[14:32:11] Determined minced version is 002000 from 'minced 0.2.0'
[14:32:11] Looking for 'parallel' - found /prokka-1.14.6/binaries/common/parallel
[14:32:12] Determined parallel version is 20150122 from 'GNU parallel 20150122'
[14:32:12] Looking for 'prodigal' - found /prokka-1.14.6/binaries/linux/prodigal
[14:32:12] Determined prodigal version is 002006 from 'Prodigal V2.6.3: February, 2016'
[14:32:12] Looking for 'prokka-genbank_to_fasta_db' - found /prokka-1.14.6/bin/prokka-genbank_to_fasta_db
[14:32:12] Looking for 'sed' - found /bin/sed
[14:32:12] Looking for 'tbl2asn' - found /usr/bin/tbl2asn
[14:32:12] Determined tbl2asn version is 025008 from 'tbl2asn 25.8   arguments:'
[14:32:12] Using genetic code table 11.
[14:32:12] Loading and checking input file: scaffolds.fasta
[14:32:12] Wrote 16 contigs totalling 35950 bp.
[14:32:12] Predicting tRNAs and tmRNAs
[14:32:12] Running: aragorn -l -gc11  -w \.\/test_output\/prokka\/SRR31122808\/SRR31122808\.fna
[14:32:12] Found 0 tRNAs
[14:32:12] Predicting Ribosomal RNAs
[14:32:12] Running Barrnap with 8 threads
[14:32:13] Found 0 rRNAs
[14:32:13] Skipping ncRNA search, enable with --rfam if desired.
[14:32:13] Total of 0 tRNA + rRNA features
[14:32:13] Searching for CRISPR repeats
[14:32:13] Found 0 CRISPRs
[14:32:13] Predicting coding sequences
[14:32:13] Contigs total 35950 bp, so using meta mode
[14:32:13] Running: prodigal -i \.\/test_output\/prokka\/SRR31122808\/SRR31122808\.fna -c -m -g 11 -p meta -f sco -q
[14:32:13] Found 14 CDS
[14:32:13] Connecting features back to sequences
[14:32:13] Not using genus-specific database. Try --usegenus to enable it.
[14:32:13] Annotating CDS, please be patient.
[14:32:13] Will use 8 CPUs for similarity searching.
[14:32:13] There are still 14 unannotated CDS left (started with 14)
[14:32:13] Will use blast to search against /prokka-1.14.6/db/kingdom/Bacteria/IS with 8 CPUs
[14:32:13] Running: cat \.\/test_output\/prokka\/SRR31122808\/SRR31122808\.IS\.tmp\.8\.faa | parallel --gnu --plain -j 8 --block 616 --recstart '>' --pipe blastp -query - -db /prokka-1.14.6/db/kingdom/Bacteria/IS -evalue 1e-30 -qcov_hsp_perc 90 -num_threads 1 -num_descriptions 1 -num_alignments 1 -seg no > \.\/test_output\/prokka\/SRR31122808\/SRR31122808\.IS\.tmp\.8\.blast 2> /dev/null
[14:32:15] Deleting unwanted file: ./test_output/prokka/SRR31122808/SRR31122808.IS.tmp.8.faa
[14:32:15] Deleting unwanted file: ./test_output/prokka/SRR31122808/SRR31122808.IS.tmp.8.blast
[14:32:15] There are still 14 unannotated CDS left (started with 14)
[14:32:15] Will use blast to search against /prokka-1.14.6/db/kingdom/Bacteria/AMR with 8 CPUs
[14:32:15] Running: cat \.\/test_output\/prokka\/SRR31122808\/SRR31122808\.AMR\.tmp\.8\.faa | parallel --gnu --plain -j 8 --block 616 --recstart '>' --pipe blastp -query - -db /prokka-1.14.6/db/kingdom/Bacteria/AMR -evalue 9.99999999999999e-301 -qcov_hsp_perc 90 -num_threads 1 -num_descriptions 1 -num_alignments 1 -seg no > \.\/test_output\/prokka\/SRR31122808\/SRR31122808\.AMR\.tmp\.8\.blast 2> /dev/null
[14:32:17] Deleting unwanted file: ./test_output/prokka/SRR31122808/SRR31122808.AMR.tmp.8.faa
[14:32:17] Deleting unwanted file: ./test_output/prokka/SRR31122808/SRR31122808.AMR.tmp.8.blast
[14:32:17] There are still 14 unannotated CDS left (started with 14)
[14:32:17] Will use blast to search against /prokka-1.14.6/db/kingdom/Bacteria/sprot with 8 CPUs
[14:32:17] Running: cat \.\/test_output\/prokka\/SRR31122808\/SRR31122808\.sprot\.tmp\.8\.faa | parallel --gnu --plain -j 8 --block 616 --recstart '>' --pipe blastp -query - -db /prokka-1.14.6/db/kingdom/Bacteria/sprot -evalue 1e-09 -qcov_hsp_perc 80 -num_threads 1 -num_descriptions 1 -num_alignments 1 -seg no > \.\/test_output\/prokka\/SRR31122808\/SRR31122808\.sprot\.tmp\.8\.blast 2> /dev/null
[14:32:22] Deleting unwanted file: ./test_output/prokka/SRR31122808/SRR31122808.sprot.tmp.8.faa
[14:32:22] Deleting unwanted file: ./test_output/prokka/SRR31122808/SRR31122808.sprot.tmp.8.blast
[14:32:22] There are still 14 unannotated CDS left (started with 14)
[14:32:22] Will use hmmer3 to search against /prokka-1.14.6/db/hmm/HAMAP.hmm with 8 CPUs
[14:32:22] Running: cat \.\/test_output\/prokka\/SRR31122808\/SRR31122808\.HAMAP\.hmm\.tmp\.8\.faa | parallel --gnu --plain -j 8 --block 616 --recstart '>' --pipe hmmscan --noali --notextw --acc -E 1e-09 --cpu 1 /prokka-1.14.6/db/hmm/HAMAP.hmm /dev/stdin > \.\/test_output\/prokka\/SRR31122808\/SRR31122808\.HAMAP\.hmm\.tmp\.8\.hmmer3 2> /dev/null
[14:32:24] Deleting unwanted file: ./test_output/prokka/SRR31122808/SRR31122808.HAMAP.hmm.tmp.8.faa
[14:32:24] Deleting unwanted file: ./test_output/prokka/SRR31122808/SRR31122808.HAMAP.hmm.tmp.8.hmmer3
[14:32:24] Labelling remaining 13 proteins as 'hypothetical protein'
[14:32:24] Found 1 unique /gene codes.
[14:32:24] Fixed 0 colliding /gene names.
[14:32:24] Adding /locus_tag identifiers
[14:32:24] Assigned 14 locus_tags to CDS and RNA features.
[14:32:24] Writing outputs to ./test_output/prokka/SRR31122808/
[14:32:24] Generating annotation statistics file
[14:32:24] Generating Genbank and Sequin files
[14:32:24] Running: tbl2asn -V b -a r10k -l paired-ends -M n -N 1 -y 'Annotated using prokka 1.14.6 from https://github.com/tseemann/prokka' -Z \.\/test_output\/prokka\/SRR31122808\/SRR31122808\.err -i \.\/test_output\/prokka\/SRR31122808\/SRR31122808\.fsa 2> /dev/null
[14:32:24] Deleting unwanted file: ./test_output/prokka/SRR31122808/errorsummary.val
[14:32:24] Deleting unwanted file: ./test_output/prokka/SRR31122808/SRR31122808.dr
[14:32:24] Deleting unwanted file: ./test_output/prokka/SRR31122808/SRR31122808.fixedproducts
[14:32:24] Deleting unwanted file: ./test_output/prokka/SRR31122808/SRR31122808.ecn
[14:32:24] Deleting unwanted file: ./test_output/prokka/SRR31122808/SRR31122808.val
[14:32:24] Repairing broken .GBK output that tbl2asn produces...
[14:32:24] Running: sed 's/COORDINATES: profile/COORDINATES:profile/' < \.\/test_output\/prokka\/SRR31122808\/SRR31122808\.gbf > \.\/test_output\/prokka\/SRR31122808\/SRR31122808\.gbk
[14:32:24] Deleting unwanted file: ./test_output/prokka/SRR31122808/SRR31122808.gbf
[14:32:24] Output files:
[14:32:24] ./test_output/prokka/SRR31122808/SRR31122808.txt
[14:32:24] ./test_output/prokka/SRR31122808/SRR31122808.sqn
[14:32:24] ./test_output/prokka/SRR31122808/SRR31122808.tbl
[14:32:24] ./test_output/prokka/SRR31122808/SRR31122808.gff
[14:32:24] ./test_output/prokka/SRR31122808/SRR31122808.err
[14:32:24] ./test_output/prokka/SRR31122808/SRR31122808.tsv
[14:32:24] ./test_output/prokka/SRR31122808/SRR31122808.fna
[14:32:24] ./test_output/prokka/SRR31122808/SRR31122808.ffn
[14:32:24] ./test_output/prokka/SRR31122808/SRR31122808.log
[14:32:24] ./test_output/prokka/SRR31122808/SRR31122808.gbk
[14:32:24] ./test_output/prokka/SRR31122808/SRR31122808.fsa
[14:32:24] ./test_output/prokka/SRR31122808/SRR31122808.faa
[14:32:24] Annotation finished successfully.
[14:32:24] Walltime used: 0.22 minutes
[14:32:24] If you use this result please cite the Prokka paper:
[14:32:24] Seemann T (2014) Prokka: rapid prokaryotic genome annotation. Bioinformatics. 30(14):2068-9.
[14:32:24] Type 'prokka --citation' for more details.
[14:32:24] Share and enjoy!
