/usr/local/bin/quast.py -o ./test_output/quast/SRR31122807 scaffolds.fasta

Version: 5.2.0

System information:
  OS: Linux-6.10.4-linuxkit-x86_64-with-glibc2.28 (linux_64)
  Python version: 3.9.16
  CPUs number: 8

Started: 2024-11-26 14:25:09

Logging to /Users/anastasia/data_driven_2024/DD_2024_private/hw4/work/5c/365e5bd9b7a31bc6d98164633e672b/test_output/quast/SRR31122807/quast.log
NOTICE: Maximum number of threads is set to 2 (use --threads option to set it manually)

CWD: /Users/anastasia/data_driven_2024/DD_2024_private/hw4/work/5c/365e5bd9b7a31bc6d98164633e672b
Main parameters: 
  MODE: default, threads: 2, min contig length: 500, min alignment length: 65, min alignment IDY: 95.0, \
  ambiguity: one, min local misassembly length: 200, min extensive misassembly length: 1000

Contigs:
  Pre-processing...
  scaffolds.fasta ==> scaffolds

2024-11-26 14:25:12
Running Basic statistics processor...
  Contig files: 
    scaffolds
  Calculating N50 and L50...
    scaffolds, N50 = 15198, L50 = 2, auN = 9954.9, Total length = 62354, GC % = 40.49, # N's per 100 kbp =  160.37
  Drawing Nx plot...
    saved to /Users/anastasia/data_driven_2024/DD_2024_private/hw4/work/5c/365e5bd9b7a31bc6d98164633e672b/test_output/quast/SRR31122807/basic_stats/Nx_plot.pdf
  Drawing cumulative plot...
    saved to /Users/anastasia/data_driven_2024/DD_2024_private/hw4/work/5c/365e5bd9b7a31bc6d98164633e672b/test_output/quast/SRR31122807/basic_stats/cumulative_plot.pdf
  Drawing GC content plot...
    saved to /Users/anastasia/data_driven_2024/DD_2024_private/hw4/work/5c/365e5bd9b7a31bc6d98164633e672b/test_output/quast/SRR31122807/basic_stats/GC_content_plot.pdf
  Drawing scaffolds GC content plot...
    saved to /Users/anastasia/data_driven_2024/DD_2024_private/hw4/work/5c/365e5bd9b7a31bc6d98164633e672b/test_output/quast/SRR31122807/basic_stats/scaffolds_GC_content_plot.pdf
  Drawing Coverage histogram (bin size: 93x)...
    saved to /Users/anastasia/data_driven_2024/DD_2024_private/hw4/work/5c/365e5bd9b7a31bc6d98164633e672b/test_output/quast/SRR31122807/basic_stats/coverage_histogram.pdf
  Drawing scaffolds coverage histogram (bin size: 93x)...
    saved to /Users/anastasia/data_driven_2024/DD_2024_private/hw4/work/5c/365e5bd9b7a31bc6d98164633e672b/test_output/quast/SRR31122807/basic_stats/scaffolds_coverage_histogram.pdf
Done.

NOTICE: Genes are not predicted by default. Use --gene-finding or --glimmer option to enable it.

2024-11-26 14:25:23
Creating large visual summaries...
This may take a while: press Ctrl-C to skip this step..
  1 of 2: Creating PDF with all tables and plots...
  2 of 2: Creating Icarus viewers...
Done

2024-11-26 14:25:31
RESULTS:
  Text versions of total report are saved to /Users/anastasia/data_driven_2024/DD_2024_private/hw4/work/5c/365e5bd9b7a31bc6d98164633e672b/test_output/quast/SRR31122807/report.txt, report.tsv, and report.tex
  Text versions of transposed total report are saved to /Users/anastasia/data_driven_2024/DD_2024_private/hw4/work/5c/365e5bd9b7a31bc6d98164633e672b/test_output/quast/SRR31122807/transposed_report.txt, transposed_report.tsv, and transposed_report.tex
  HTML version (interactive tables and plots) is saved to /Users/anastasia/data_driven_2024/DD_2024_private/hw4/work/5c/365e5bd9b7a31bc6d98164633e672b/test_output/quast/SRR31122807/report.html
  PDF version (tables and plots) is saved to /Users/anastasia/data_driven_2024/DD_2024_private/hw4/work/5c/365e5bd9b7a31bc6d98164633e672b/test_output/quast/SRR31122807/report.pdf
  Icarus (contig browser) is saved to /Users/anastasia/data_driven_2024/DD_2024_private/hw4/work/5c/365e5bd9b7a31bc6d98164633e672b/test_output/quast/SRR31122807/icarus.html
  Log is saved to /Users/anastasia/data_driven_2024/DD_2024_private/hw4/work/5c/365e5bd9b7a31bc6d98164633e672b/test_output/quast/SRR31122807/quast.log

Finished: 2024-11-26 14:25:32
Elapsed time: 0:00:22.449853
NOTICEs: 2; WARNINGs: 0; non-fatal ERRORs: 0

Thank you for using QUAST!
