[14:25:08] This is prokka 1.14.6
[14:25:08] Written by Torsten Seemann <torsten.seemann@gmail.com>
[14:25:08] Homepage is https://github.com/tseemann/prokka
[14:25:08] Local time is Tue Nov 26 14:25:08 2024
[14:25:08] You are not telling me who you are!
[14:25:08] Operating system is linux
[14:25:08] You have BioPerl 1.007002
[14:25:08] System has 8 cores.
[14:25:08] Will use maximum of 8 cores.
[14:25:08] Annotating as >>> Bacteria <<<
[14:25:08] Generating locus_tag from 'scaffolds.fasta' contents.
[14:25:08] Setting --locustag KLNCHKNE from MD5 457c147e2125243d5bd30f76c5e4336a
[14:25:08] Re-using existing --outdir ./test_output/prokka/SRR31122807
[14:25:08] Using filename prefix: SRR31122807.XXX
[14:25:08] Setting HMMER_NCPU=1
[14:25:08] Writing log to: ./test_output/prokka/SRR31122807/SRR31122807.log
[14:25:08] Command: /prokka-1.14.6/bin/prokka --force -o ./test_output/prokka/SRR31122807 --prefix SRR31122807 scaffolds.fasta --genus Escherichia
[14:25:08] Appending to PATH: /prokka-1.14.6/bin/../binaries/linux
[14:25:08] Appending to PATH: /prokka-1.14.6/bin/../binaries/linux/../common
[14:25:08] Appending to PATH: /prokka-1.14.6/bin
[14:25:08] Looking for 'aragorn' - found /prokka-1.14.6/binaries/linux/aragorn
[14:25:08] Determined aragorn version is 001002 from 'ARAGORN v1.2.38 Dean Laslett'
[14:25:08] Looking for 'barrnap' - found /barrnap-0.9/bin/barrnap
[14:25:08] Determined barrnap version is 000009 from 'barrnap 0.9'
[14:25:08] Looking for 'blastp' - found /ncbi-blast-2.9.0+/bin/blastp
[14:25:08] Determined blastp version is 002009 from 'blastp: 2.9.0+'
[14:25:08] Looking for 'cmpress' - found /prokka-1.14.6/binaries/linux/cmpress
[14:25:08] Determined cmpress version is 001001 from '# INFERNAL 1.1.2 (July 2016)'
[14:25:08] Looking for 'cmscan' - found /prokka-1.14.6/binaries/linux/cmscan
[14:25:09] Determined cmscan version is 001001 from '# INFERNAL 1.1.2 (July 2016)'
[14:25:09] Looking for 'egrep' - found /bin/egrep
[14:25:09] Looking for 'find' - found /usr/bin/find
[14:25:09] Looking for 'grep' - found /bin/grep
[14:25:09] Looking for 'hmmpress' - found /usr/bin/hmmpress
[14:25:09] Determined hmmpress version is 003001 from '# HMMER 3.1b2 (February 2015); http://hmmer.org/'
[14:25:09] Looking for 'hmmscan' - found /usr/bin/hmmscan
[14:25:09] Determined hmmscan version is 003001 from '# HMMER 3.1b2 (February 2015); http://hmmer.org/'
[14:25:09] Looking for 'java' - found /usr/bin/java
[14:25:09] Looking for 'makeblastdb' - found /ncbi-blast-2.9.0+/bin/makeblastdb
[14:25:09] Determined makeblastdb version is 002009 from 'makeblastdb: 2.9.0+'
[14:25:09] Looking for 'minced' - found /prokka-1.14.6/binaries/common/minced
[14:25:09] Determined minced version is 002000 from 'minced 0.2.0'
[14:25:09] Looking for 'parallel' - found /prokka-1.14.6/binaries/common/parallel
[14:25:10] Determined parallel version is 20150122 from 'GNU parallel 20150122'
[14:25:10] Looking for 'prodigal' - found /prokka-1.14.6/binaries/linux/prodigal
[14:25:10] Determined prodigal version is 002006 from 'Prodigal V2.6.3: February, 2016'
[14:25:10] Looking for 'prokka-genbank_to_fasta_db' - found /prokka-1.14.6/bin/prokka-genbank_to_fasta_db
[14:25:10] Looking for 'sed' - found /bin/sed
[14:25:10] Looking for 'tbl2asn' - found /usr/bin/tbl2asn
[14:25:10] Determined tbl2asn version is 025008 from 'tbl2asn 25.8   arguments:'
[14:25:10] Using genetic code table 11.
[14:25:10] Loading and checking input file: scaffolds.fasta
[14:25:11] Wrote 79 contigs totalling 78723 bp.
[14:25:11] Predicting tRNAs and tmRNAs
[14:25:11] Running: aragorn -l -gc11  -w \.\/test_output\/prokka\/SRR31122807\/SRR31122807\.fna
[14:25:11] Found 0 tRNAs
[14:25:11] Predicting Ribosomal RNAs
[14:25:11] Running Barrnap with 8 threads
[14:25:11] Found 0 rRNAs
[14:25:11] Skipping ncRNA search, enable with --rfam if desired.
[14:25:11] Total of 0 tRNA + rRNA features
[14:25:11] Searching for CRISPR repeats
[14:25:11] Found 0 CRISPRs
[14:25:11] Predicting coding sequences
[14:25:11] Contigs total 78723 bp, so using meta mode
[14:25:11] Running: prodigal -i \.\/test_output\/prokka\/SRR31122807\/SRR31122807\.fna -c -m -g 11 -p meta -f sco -q
[14:25:12] Found 40 CDS
[14:25:12] Connecting features back to sequences
[14:25:12] Not using genus-specific database. Try --usegenus to enable it.
[14:25:12] Annotating CDS, please be patient.
[14:25:12] Will use 8 CPUs for similarity searching.

--------------------- WARNING ---------------------
MSG: Seq [NODE_13_length_810_cov_0.941435]: Terminator codon inside CDS!
---------------------------------------------------
[14:25:12] There are still 40 unannotated CDS left (started with 40)
[14:25:12] Will use blast to search against /prokka-1.14.6/db/kingdom/Bacteria/IS with 8 CPUs
[14:25:12] Running: cat \.\/test_output\/prokka\/SRR31122807\/SRR31122807\.IS\.tmp\.8\.faa | parallel --gnu --plain -j 8 --block 737 --recstart '>' --pipe blastp -query - -db /prokka-1.14.6/db/kingdom/Bacteria/IS -evalue 1e-30 -qcov_hsp_perc 90 -num_threads 1 -num_descriptions 1 -num_alignments 1 -seg no > \.\/test_output\/prokka\/SRR31122807\/SRR31122807\.IS\.tmp\.8\.blast 2> /dev/null
[14:25:13] Deleting unwanted file: ./test_output/prokka/SRR31122807/SRR31122807.IS.tmp.8.faa
[14:25:13] Deleting unwanted file: ./test_output/prokka/SRR31122807/SRR31122807.IS.tmp.8.blast

--------------------- WARNING ---------------------
MSG: Seq [NODE_13_length_810_cov_0.941435]: Terminator codon inside CDS!
---------------------------------------------------
[14:25:13] There are still 40 unannotated CDS left (started with 40)
[14:25:13] Will use blast to search against /prokka-1.14.6/db/kingdom/Bacteria/AMR with 8 CPUs
[14:25:13] Running: cat \.\/test_output\/prokka\/SRR31122807\/SRR31122807\.AMR\.tmp\.8\.faa | parallel --gnu --plain -j 8 --block 737 --recstart '>' --pipe blastp -query - -db /prokka-1.14.6/db/kingdom/Bacteria/AMR -evalue 9.99999999999999e-301 -qcov_hsp_perc 90 -num_threads 1 -num_descriptions 1 -num_alignments 1 -seg no > \.\/test_output\/prokka\/SRR31122807\/SRR31122807\.AMR\.tmp\.8\.blast 2> /dev/null
[14:25:15] Deleting unwanted file: ./test_output/prokka/SRR31122807/SRR31122807.AMR.tmp.8.faa
[14:25:15] Deleting unwanted file: ./test_output/prokka/SRR31122807/SRR31122807.AMR.tmp.8.blast

--------------------- WARNING ---------------------
MSG: Seq [NODE_13_length_810_cov_0.941435]: Terminator codon inside CDS!
---------------------------------------------------
[14:25:15] There are still 40 unannotated CDS left (started with 40)
[14:25:15] Will use blast to search against /prokka-1.14.6/db/kingdom/Bacteria/sprot with 8 CPUs
[14:25:15] Running: cat \.\/test_output\/prokka\/SRR31122807\/SRR31122807\.sprot\.tmp\.8\.faa | parallel --gnu --plain -j 8 --block 737 --recstart '>' --pipe blastp -query - -db /prokka-1.14.6/db/kingdom/Bacteria/sprot -evalue 1e-09 -qcov_hsp_perc 80 -num_threads 1 -num_descriptions 1 -num_alignments 1 -seg no > \.\/test_output\/prokka\/SRR31122807\/SRR31122807\.sprot\.tmp\.8\.blast 2> /dev/null
[14:25:20] Deleting unwanted file: ./test_output/prokka/SRR31122807/SRR31122807.sprot.tmp.8.faa
[14:25:20] Deleting unwanted file: ./test_output/prokka/SRR31122807/SRR31122807.sprot.tmp.8.blast

--------------------- WARNING ---------------------
MSG: Seq [NODE_13_length_810_cov_0.941435]: Terminator codon inside CDS!
---------------------------------------------------
[14:25:21] There are still 40 unannotated CDS left (started with 40)
[14:25:21] Will use hmmer3 to search against /prokka-1.14.6/db/hmm/HAMAP.hmm with 8 CPUs
[14:25:21] Running: cat \.\/test_output\/prokka\/SRR31122807\/SRR31122807\.HAMAP\.hmm\.tmp\.8\.faa | parallel --gnu --plain -j 8 --block 737 --recstart '>' --pipe hmmscan --noali --notextw --acc -E 1e-09 --cpu 1 /prokka-1.14.6/db/hmm/HAMAP.hmm /dev/stdin > \.\/test_output\/prokka\/SRR31122807\/SRR31122807\.HAMAP\.hmm\.tmp\.8\.hmmer3 2> /dev/null
[14:25:27] Deleting unwanted file: ./test_output/prokka/SRR31122807/SRR31122807.HAMAP.hmm.tmp.8.faa
[14:25:27] Deleting unwanted file: ./test_output/prokka/SRR31122807/SRR31122807.HAMAP.hmm.tmp.8.hmmer3
[14:25:27] Labelling remaining 40 proteins as 'hypothetical protein'
[14:25:27] Found 0 unique /gene codes.
[14:25:27] Fixed 0 colliding /gene names.
[14:25:27] Adding /locus_tag identifiers
[14:25:27] Assigned 40 locus_tags to CDS and RNA features.
[14:25:27] Writing outputs to ./test_output/prokka/SRR31122807/

--------------------- WARNING ---------------------
MSG: Seq [KLNCHKNE_00032]: Terminator codon inside CDS!
---------------------------------------------------
[14:25:28] Generating annotation statistics file
[14:25:28] Generating Genbank and Sequin files
[14:25:28] Running: tbl2asn -V b -a r10k -l paired-ends -M n -N 1 -y 'Annotated using prokka 1.14.6 from https://github.com/tseemann/prokka' -Z \.\/test_output\/prokka\/SRR31122807\/SRR31122807\.err -i \.\/test_output\/prokka\/SRR31122807\/SRR31122807\.fsa 2> /dev/null
[14:25:29] Deleting unwanted file: ./test_output/prokka/SRR31122807/errorsummary.val
[14:25:29] Deleting unwanted file: ./test_output/prokka/SRR31122807/SRR31122807.dr
[14:25:29] Deleting unwanted file: ./test_output/prokka/SRR31122807/SRR31122807.fixedproducts
[14:25:29] Deleting unwanted file: ./test_output/prokka/SRR31122807/SRR31122807.ecn
[14:25:29] Deleting unwanted file: ./test_output/prokka/SRR31122807/SRR31122807.val
[14:25:29] Repairing broken .GBK output that tbl2asn produces...
[14:25:29] Running: sed 's/COORDINATES: profile/COORDINATES:profile/' < \.\/test_output\/prokka\/SRR31122807\/SRR31122807\.gbf > \.\/test_output\/prokka\/SRR31122807\/SRR31122807\.gbk
[14:25:29] Deleting unwanted file: ./test_output/prokka/SRR31122807/SRR31122807.gbf
[14:25:29] Output files:
[14:25:29] ./test_output/prokka/SRR31122807/SRR31122807.faa
[14:25:29] ./test_output/prokka/SRR31122807/SRR31122807.fsa
[14:25:29] ./test_output/prokka/SRR31122807/SRR31122807.gbk
[14:25:29] ./test_output/prokka/SRR31122807/SRR31122807.ffn
[14:25:29] ./test_output/prokka/SRR31122807/SRR31122807.log
[14:25:29] ./test_output/prokka/SRR31122807/SRR31122807.err
[14:25:29] ./test_output/prokka/SRR31122807/SRR31122807.tsv
[14:25:29] ./test_output/prokka/SRR31122807/SRR31122807.fna
[14:25:29] ./test_output/prokka/SRR31122807/SRR31122807.sqn
[14:25:29] ./test_output/prokka/SRR31122807/SRR31122807.tbl
[14:25:29] ./test_output/prokka/SRR31122807/SRR31122807.gff
[14:25:29] ./test_output/prokka/SRR31122807/SRR31122807.txt
[14:25:29] Annotation finished successfully.
[14:25:29] Walltime used: 0.35 minutes
[14:25:29] If you use this result please cite the Prokka paper:
[14:25:29] Seemann T (2014) Prokka: rapid prokaryotic genome annotation. Bioinformatics. 30(14):2068-9.
[14:25:29] Type 'prokka --citation' for more details.
[14:25:29] Share and enjoy!
